#-----------------------------------------------------------
# Vivado v2014.2
# SW Build 932637 on Wed Jun 11 13:27:54 MDT 2014
# IP Build 924643 on Fri May 30 09:20:16 MDT 2014
# Start of session at: Wed Jun 24 11:10:17 2015
# Process ID: 4640
# Log file: E:/jl_Zhou/lab2/lab2.sdk/webtalk/vivado.log
# Journal file: E:/jl_Zhou/lab2/lab2.sdk/webtalk\vivado.jou
#-----------------------------------------------------------
source sdk.tcl
# webtalk_init -webtalk_dir E:\\jl_Zhou\\lab2\\lab2.sdk\\webtalk
# webtalk_register_client -client project
# webtalk_add_data -client project -key date_generated -value "ÐÇÆÚÈý ÁùÔÂ 24 11:10:17 2015" -context "software_version_and_target_device"
# webtalk_add_data -client project -key product_version -value "SDK v2014.2" -context "software_version_and_target_device"
# webtalk_add_data -client project -key build_version -value "2014.2" -context "software_version_and_target_device"
# webtalk_add_data -client project -key os_platform -value "x86" -context "software_version_and_target_device"
# webtalk_add_data -client project -key registration_id -value "207600880_1777491182_0_870" -context "software_version_and_target_device"
# webtalk_add_data -client project -key tool_flow -value "SDK" -context "software_version_and_target_device"
# webtalk_add_data -client project -key beta -value "false" -context "software_version_and_target_device"
# webtalk_add_data -client project -key route_design -value "NA" -context "software_version_and_target_device"
# webtalk_add_data -client project -key target_family -value "NA" -context "software_version_and_target_device"
# webtalk_add_data -client project -key target_device -value "NA" -context "software_version_and_target_device"
# webtalk_add_data -client project -key target_package -value "NA" -context "software_version_and_target_device"
# webtalk_add_data -client project -key target_speed -value "NA" -context "software_version_and_target_device"
# webtalk_add_data -client project -key random_id -value "g74k3jhcsoo9m8v2u8vdpim9d5" -context "software_version_and_target_device"
# webtalk_add_data -client project -key project_id -value "2014.2_3" -context "software_version_and_target_device"
# webtalk_add_data -client project -key project_iteration -value "3" -context "software_version_and_target_device"
# webtalk_add_data -client project -key os_name -value "Microsoft Windows 7 , 32-bit" -context "user_environment"
# webtalk_add_data -client project -key os_release -value "Service Pack 1  (build 7601)" -context "user_environment"
# webtalk_add_data -client project -key cpu_name -value "Intel(R) Core(TM) i5-3230M CPU @ 2.60GHz" -context "user_environment"
# webtalk_add_data -client project -key cpu_speed -value "2594 MHz" -context "user_environment"
# webtalk_add_data -client project -key total_processors -value "1" -context "user_environment"
# webtalk_add_data -client project -key system_ram -value "3.000 GB" -context "user_environment"
# webtalk_register_client -client sdk
# webtalk_add_data -client sdk -key uid -value "1435114961042" -context "sdk\\\\bsp/1435114961042"
# webtalk_add_data -client sdk -key hwid -value "1435114770474" -context "sdk\\\\bsp/1435114961042"
# webtalk_add_data -client sdk -key os -value "standalone" -context "sdk\\\\bsp/1435114961042"
# webtalk_add_data -client sdk -key apptemplate -value "null" -context "sdk\\\\bsp/1435114961042"
# webtalk_add_data -client sdk -key uid -value "1435115054751" -context "sdk\\\\application/1435115054751"
# webtalk_add_data -client sdk -key hwid -value "1435114770474" -context "sdk\\\\application/1435115054751"
# webtalk_add_data -client sdk -key bspid -value "1435114961042" -context "sdk\\\\application/1435115054751"
# webtalk_add_data -client sdk -key newbsp -value "false" -context "sdk\\\\application/1435115054751"
# webtalk_add_data -client sdk -key os -value "standalone" -context "sdk\\\\application/1435115054751"
# webtalk_add_data -client sdk -key apptemplate -value "hello_world" -context "sdk\\\\application/1435115054751"
# webtalk_transmit -clientid 3968276810 -regid "207600880_1777491182_0_870" -xml E:\\jl_Zhou\\lab2\\lab2.sdk\\webtalk\\usage_statistics_ext_sdk.xml -html E:\\jl_Zhou\\lab2\\lab2.sdk\\webtalk\\usage_statistics_ext_sdk.html -wdm E:\\jl_Zhou\\lab2\\lab2.sdk\\webtalk\\sdk.wdm -intro "<H3>SDK Usage Report</H3><BR>"
INFO: [Common 17-185] WebTalk report has not been sent to Xilinx. Please check your network and proxy settings.
webtalk_transmit: Time (s): cpu = 00:00:00 ; elapsed = 00:00:10 . Memory (MB): peak = 189.184 ; gain = 0.000

    while executing
"webtalk_transmit -clientid 3968276810 -regid "207600880_1777491182_0_870" -xml E:\\jl_Zhou\\lab2\\lab2.sdk\\webtalk\\usage_statistics_ext_sdk.xml -htm..."
    (file "sdk.tcl" line 35)
INFO: [Common 17-206] Exiting Vivado at Wed Jun 24 11:10:32 2015...
